{
  "stats": {
    "suites": 8,
    "tests": 18,
    "passes": 18,
    "pending": 0,
    "failures": 0,
    "start": "2020-07-30T14:15:41.105Z",
    "end": "2020-07-30T14:15:41.594Z",
    "duration": 489,
    "testsRegistered": 18,
    "passPercent": 100,
    "pendingPercent": 0,
    "other": 0,
    "hasOther": false,
    "skipped": 0,
    "hasSkipped": false,
    "passPercentClass": "success",
    "pendingPercentClass": "danger"
  },
  "suites": {
    "uuid": "75364fff-fd02-4e6e-952c-c5374bc46bf8",
    "title": "",
    "fullFile": "",
    "file": "",
    "beforeHooks": [],
    "afterHooks": [],
    "tests": [],
    "suites": [
      {
        "uuid": "823175ae-cd9a-493d-8727-51aa0a1a9969",
        "title": "> controllers",
        "fullFile": "/home/travis/build/ccxt-rest/ccxt-rest/test/api/controllers/exchange.js",
        "file": "/test/api/controllers/exchange.js",
        "beforeHooks": [
          {
            "title": "\"before all\" hook",
            "fullTitle": "> controllers \"before all\" hook",
            "timedOut": false,
            "duration": 315,
            "pass": false,
            "fail": false,
            "pending": false,
            "code": "if (fs.existsSync('./out/database.sqlite3')) {\n  fs.unlinkSync('./out/database.sqlite3')\n}\nreturn new Promise((resolve) => {\n  ccxtServer.start(_server => {\n    server = _server\n    resolve();\n  })  \n})",
            "err": {},
            "isRoot": false,
            "uuid": "16e783eb-1c16-4282-8bc3-d1bfd5fb542a",
            "isHook": true,
            "skipped": false
          }
        ],
        "afterHooks": [
          {
            "title": "\"after all\" hook",
            "fullTitle": "> controllers \"after all\" hook",
            "timedOut": false,
            "duration": 0,
            "pass": false,
            "fail": false,
            "pending": false,
            "code": "if (server) {\n  server.close()\n}\nif (fs.existsSync('./out/database.sqlite3')) {\n  fs.unlinkSync('./out/database.sqlite3')\n}",
            "err": {},
            "isRoot": false,
            "uuid": "e43c0b85-3538-4250-b7df-fedb25d0c350",
            "isHook": true,
            "skipped": false
          }
        ],
        "tests": [],
        "suites": [
          {
            "uuid": "b93652d6-e640-4288-8ab4-fa65ce1b1b87",
            "title": "> exchanges",
            "fullFile": "/home/travis/build/ccxt-rest/ccxt-rest/test/api/controllers/exchange.js",
            "file": "/test/api/controllers/exchange.js",
            "beforeHooks": [],
            "afterHooks": [],
            "tests": [],
            "suites": [
              {
                "uuid": "7fbf66bb-557b-41a2-8060-c2789924f214",
                "title": "> GET /exchanges",
                "fullFile": "/home/travis/build/ccxt-rest/ccxt-rest/test/api/controllers/exchange.js",
                "file": "/test/api/controllers/exchange.js",
                "beforeHooks": [],
                "afterHooks": [],
                "tests": [
                  {
                    "title": "> should return list of exchanges",
                    "fullTitle": "> controllers > exchanges > GET /exchanges > should return list of exchanges",
                    "timedOut": false,
                    "duration": 27,
                    "state": "passed",
                    "speed": "fast",
                    "pass": true,
                    "fail": false,
                    "pending": false,
                    "code": "request(server)\n          .get('/exchanges')\n          .expect('Content-Type', /json/)\n          .expect(200)\n          .end(function(err, res) {\n            should.not.exist(err);\n            res.body.should.eql(exchangeConfig.exchanges.map(i => '' + i));\n            done();\n          });",
                    "err": {},
                    "isRoot": false,
                    "uuid": "181b1ccc-a8ef-4352-b43e-70e3c746d898",
                    "isHook": false,
                    "skipped": false
                  }
                ],
                "suites": [],
                "passes": [
                  "181b1ccc-a8ef-4352-b43e-70e3c746d898"
                ],
                "failures": [],
                "pending": [],
                "skipped": [],
                "duration": 27,
                "root": false,
                "rootEmpty": false,
                "_timeout": 2000
              }
            ],
            "passes": [],
            "failures": [],
            "pending": [],
            "skipped": [],
            "duration": 0,
            "root": false,
            "rootEmpty": false,
            "_timeout": 2000
          },
          {
            "uuid": "58f22f61-a273-42b5-b0dc-e9a27997c633",
            "title": "> exchange",
            "fullFile": "/home/travis/build/ccxt-rest/ccxt-rest/test/api/controllers/exchange.js",
            "file": "/test/api/controllers/exchange.js",
            "beforeHooks": [],
            "afterHooks": [],
            "tests": [],
            "suites": [
              {
                "uuid": "40820071-22db-408f-9912-b7572a02bdfa",
                "title": "> Given unsupported exchange name",
                "fullFile": "/home/travis/build/ccxt-rest/ccxt-rest/test/api/controllers/exchange.js",
                "file": "/test/api/controllers/exchange.js",
                "beforeHooks": [],
                "afterHooks": [],
                "tests": [],
                "suites": [
                  {
                    "uuid": "6af8279f-54ed-4c46-a3d6-41441ec10995",
                    "title": "> [Unsupported Exchange name] Exchange Management API",
                    "fullFile": "/home/travis/build/ccxt-rest/ccxt-rest/test/api/controllers/exchange.js",
                    "file": "/test/api/controllers/exchange.js",
                    "beforeHooks": [],
                    "afterHooks": [],
                    "tests": [
                      {
                        "title": "> GET:/exchange/nonExistentExchangeName then return 404",
                        "fullTitle": "> controllers > exchange > Given unsupported exchange name > [Unsupported Exchange name] Exchange Management API > GET:/exchange/nonExistentExchangeName then return 404",
                        "timedOut": false,
                        "duration": 13,
                        "state": "passed",
                        "speed": "fast",
                        "pass": true,
                        "fail": false,
                        "pending": false,
                        "code": "request(server)\n  .get('/exchange/nonExistentExchangeName')\n  .expect(404)\n  .end((err, res) => {\n    should.not.exist(err);\n    done();\n  })",
                        "err": {},
                        "isRoot": false,
                        "uuid": "e166becb-172b-4ba1-8806-645b0db97547",
                        "isHook": false,
                        "skipped": false
                      },
                      {
                        "title": "> POST:/exchange/nonExistentExchangeName then return 404",
                        "fullTitle": "> controllers > exchange > Given unsupported exchange name > [Unsupported Exchange name] Exchange Management API > POST:/exchange/nonExistentExchangeName then return 404",
                        "timedOut": false,
                        "duration": 20,
                        "state": "passed",
                        "speed": "fast",
                        "pass": true,
                        "fail": false,
                        "pending": false,
                        "code": "request(server)\n  .post('/exchange/nonExistentExchangeName')\n  .send({id:'nonExistentExchangeName1'})\n  .set('Accept', 'application/json')\n  .expect(404)\n  .end((err, res) => {\n    should.not.exist(err);\n    done();\n  })",
                        "err": {},
                        "isRoot": false,
                        "uuid": "9e774e9b-80a2-4d6a-bb56-609802ad1b52",
                        "isHook": false,
                        "skipped": false
                      }
                    ],
                    "suites": [],
                    "passes": [
                      "e166becb-172b-4ba1-8806-645b0db97547",
                      "9e774e9b-80a2-4d6a-bb56-609802ad1b52"
                    ],
                    "failures": [],
                    "pending": [],
                    "skipped": [],
                    "duration": 33,
                    "root": false,
                    "rootEmpty": false,
                    "_timeout": 2000
                  },
                  {
                    "uuid": "defa323d-7313-4eb9-a2a4-5fd2e958d619",
                    "title": "> [Unsupported Exchange Name] Public Data API",
                    "fullFile": "/home/travis/build/ccxt-rest/ccxt-rest/test/api/controllers/exchange.js",
                    "file": "/test/api/controllers/exchange.js",
                    "beforeHooks": [],
                    "afterHooks": [],
                    "tests": [
                      {
                        "title": "> GET:/exchange/nonExistentExchangeName/markets then return 404",
                        "fullTitle": "> controllers > exchange > Given unsupported exchange name > [Unsupported Exchange Name] Public Data API > GET:/exchange/nonExistentExchangeName/markets then return 404",
                        "timedOut": false,
                        "duration": 5,
                        "state": "passed",
                        "speed": "fast",
                        "pass": true,
                        "fail": false,
                        "pending": false,
                        "code": "request(server)\n              .get('/exchange/nonExistentExchangeName/markets')\n              .expect('Content-Type', /json/)\n              .expect(404)\n              .end((err, res) => {\n                should.not.exist(err);\n                done();\n              })",
                        "err": {},
                        "isRoot": false,
                        "uuid": "74b271fc-23d3-4c56-8a91-ae81b56fab81",
                        "isHook": false,
                        "skipped": false
                      },
                      {
                        "title": "> GET:/exchange/nonExistentExchangeName/orderBook then return 404",
                        "fullTitle": "> controllers > exchange > Given unsupported exchange name > [Unsupported Exchange Name] Public Data API > GET:/exchange/nonExistentExchangeName/orderBook then return 404",
                        "timedOut": false,
                        "duration": 9,
                        "state": "passed",
                        "speed": "fast",
                        "pass": true,
                        "fail": false,
                        "pending": false,
                        "code": "this.timeout(TIMEOUT_MS);\nrequest(server)\n    .get('/exchange/nonExistentExchangeName/orderBook')\n    .query({ symbol: 'BTC/ETH' })\n    .set('Accept', 'application/json')\n    .expect('Content-Type', /json/)\n    .expect(404)\n    .end((err, res) => {\n      should.not.exist(err);\n      done();\n    })",
                        "err": {},
                        "isRoot": false,
                        "uuid": "88dbbf50-21d7-4ab8-b5e6-f302b5ba23a6",
                        "isHook": false,
                        "skipped": false
                      },
                      {
                        "title": "> GET:/exchange/nonExistentExchangeName/l2OrderBook then return 404",
                        "fullTitle": "> controllers > exchange > Given unsupported exchange name > [Unsupported Exchange Name] Public Data API > GET:/exchange/nonExistentExchangeName/l2OrderBook then return 404",
                        "timedOut": false,
                        "duration": 6,
                        "state": "passed",
                        "speed": "fast",
                        "pass": true,
                        "fail": false,
                        "pending": false,
                        "code": "this.timeout(TIMEOUT_MS);\nrequest(server)\n    .get('/exchange/nonExistentExchangeName/l2OrderBook')\n    .query({ symbol: 'BTC/ETH' })\n    .expect('Content-Type', /json/)\n    .expect(404)\n    .end((err, res) => {\n      should.not.exist(err);\n      done();\n    })",
                        "err": {},
                        "isRoot": false,
                        "uuid": "ae0d0920-e7d1-4c5d-80a7-b59d08603e95",
                        "isHook": false,
                        "skipped": false
                      },
                      {
                        "title": "> GET:/exchange/nonExistentExchangeName/trades then return 404",
                        "fullTitle": "> controllers > exchange > Given unsupported exchange name > [Unsupported Exchange Name] Public Data API > GET:/exchange/nonExistentExchangeName/trades then return 404",
                        "timedOut": false,
                        "duration": 6,
                        "state": "passed",
                        "speed": "fast",
                        "pass": true,
                        "fail": false,
                        "pending": false,
                        "code": "this.timeout(TIMEOUT_MS)\nrequest(server)\n    .get('/exchange/nonExistentExchangeName/trades')\n    .query({ symbol: 'BTC/ETH' })\n    .expect('Content-Type', /json/)\n    .expect(404)\n    .end((err, res) => {\n      should.not.exist(err);\n      done();\n    })",
                        "err": {},
                        "isRoot": false,
                        "uuid": "74d04317-2474-4ae9-a209-39a81541b75a",
                        "isHook": false,
                        "skipped": false
                      },
                      {
                        "title": "> GET:/exchange/nonExistentExchangeName/ticker then return 404",
                        "fullTitle": "> controllers > exchange > Given unsupported exchange name > [Unsupported Exchange Name] Public Data API > GET:/exchange/nonExistentExchangeName/ticker then return 404",
                        "timedOut": false,
                        "duration": 6,
                        "state": "passed",
                        "speed": "fast",
                        "pass": true,
                        "fail": false,
                        "pending": false,
                        "code": "this.timeout(TIMEOUT_MS)\nrequest(server)\n    .get('/exchange/nonExistentExchangeName/ticker')\n    .query({ symbol: 'BTC/ETH' })\n    .expect('Content-Type', /json/)\n    .expect(404)\n    .end((err, res) => {\n      should.not.exist(err);\n      done();\n    })",
                        "err": {},
                        "isRoot": false,
                        "uuid": "c3895d0c-2fa1-40ad-9647-56e1cf3feb14",
                        "isHook": false,
                        "skipped": false
                      },
                      {
                        "title": "> GET:/exchange/nonExistentExchangeName/tickers then return 404",
                        "fullTitle": "> controllers > exchange > Given unsupported exchange name > [Unsupported Exchange Name] Public Data API > GET:/exchange/nonExistentExchangeName/tickers then return 404",
                        "timedOut": false,
                        "duration": 6,
                        "state": "passed",
                        "speed": "fast",
                        "pass": true,
                        "fail": false,
                        "pending": false,
                        "code": "this.timeout(TIMEOUT_MS)\nrequest(server)\n    .get('/exchange/nonExistentExchangeName/tickers')\n    .expect('Content-Type', /json/)\n    .expect(404)\n    .end((err, res) => {\n      should.not.exist(err);\n      done();\n    })",
                        "err": {},
                        "isRoot": false,
                        "uuid": "28be354b-cc8d-4d3d-a07f-18a4f69f5265",
                        "isHook": false,
                        "skipped": false
                      },
                      {
                        "title": "> POST:/exchange/nonExistentExchangeName/_/loadMarkets then return 404",
                        "fullTitle": "> controllers > exchange > Given unsupported exchange name > [Unsupported Exchange Name] Public Data API > POST:/exchange/nonExistentExchangeName/_/loadMarkets then return 404",
                        "timedOut": false,
                        "duration": 7,
                        "state": "passed",
                        "speed": "fast",
                        "pass": true,
                        "fail": false,
                        "pending": false,
                        "code": "this.timeout(TIMEOUT_MS)\nrequest(server)\n    .post('/exchange/nonExistentExchangeName/_/loadMarkets')\n    .type('text')\n    .send(JSON.stringify([true]))\n    .set('Accept', 'application/json')\n    .expect(404)\n    .end((err, res) => {\n      should.not.exist(err);\n      done();\n    })",
                        "err": {},
                        "isRoot": false,
                        "uuid": "015223a3-f915-4011-bae8-91902933d9ed",
                        "isHook": false,
                        "skipped": false
                      }
                    ],
                    "suites": [],
                    "passes": [
                      "74b271fc-23d3-4c56-8a91-ae81b56fab81",
                      "88dbbf50-21d7-4ab8-b5e6-f302b5ba23a6",
                      "ae0d0920-e7d1-4c5d-80a7-b59d08603e95",
                      "74d04317-2474-4ae9-a209-39a81541b75a",
                      "c3895d0c-2fa1-40ad-9647-56e1cf3feb14",
                      "28be354b-cc8d-4d3d-a07f-18a4f69f5265",
                      "015223a3-f915-4011-bae8-91902933d9ed"
                    ],
                    "failures": [],
                    "pending": [],
                    "skipped": [],
                    "duration": 45,
                    "root": false,
                    "rootEmpty": false,
                    "_timeout": 2000
                  },
                  {
                    "uuid": "c0a11447-5477-4f92-ba69-2b77c3c9f555",
                    "title": "> [Unsupported Exchange Name] Private Data APIs",
                    "fullFile": "/home/travis/build/ccxt-rest/ccxt-rest/test/api/controllers/exchange.js",
                    "file": "/test/api/controllers/exchange.js",
                    "beforeHooks": [],
                    "afterHooks": [],
                    "tests": [
                      {
                        "title": "> GET:/exchange/nonExistentExchangeName/balances then return 404",
                        "fullTitle": "> controllers > exchange > Given unsupported exchange name > [Unsupported Exchange Name] Private Data APIs > GET:/exchange/nonExistentExchangeName/balances then return 404",
                        "timedOut": false,
                        "duration": 5,
                        "state": "passed",
                        "speed": "fast",
                        "pass": true,
                        "fail": false,
                        "pending": false,
                        "code": "this.timeout(TIMEOUT_MS)\nrequest(server)\n    .get('/exchange/nonExistentExchangeName/balances')\n    .expect('Content-Type', /json/)\n    .expect(404)\n    .end((err, res) => {\n      should.not.exist(err);\n      done();\n    })",
                        "err": {},
                        "isRoot": false,
                        "uuid": "4d90b4e5-4715-452a-8174-7f04f18d56c3",
                        "isHook": false,
                        "skipped": false
                      },
                      {
                        "title": "> [Unsupported Exchange Name] Place order then return 404",
                        "fullTitle": "> controllers > exchange > Given unsupported exchange name > [Unsupported Exchange Name] Private Data APIs > [Unsupported Exchange Name] Place order then return 404",
                        "timedOut": false,
                        "duration": 5,
                        "state": "passed",
                        "speed": "fast",
                        "pass": true,
                        "fail": false,
                        "pending": false,
                        "code": "request(server)\n  .post('/exchange/nonExistentExchangeName/order')\n  .send({ symbol: 'BTC/ETH', type: 'limit', side: 'buy', amount:0, price:0 })\n  .set('Accept', 'application/json')\n  .expect('Content-Type', /json/)\n  .expect(404)\n  .end((err, res) => {\n    should.not.exist(err);\n    done();\n  })",
                        "err": {},
                        "isRoot": false,
                        "uuid": "acf90b23-e484-4d53-bf02-316775bf7d82",
                        "isHook": false,
                        "skipped": false
                      },
                      {
                        "title": "> [Unsupported Exchange Name] Cancel order then return 404",
                        "fullTitle": "> controllers > exchange > Given unsupported exchange name > [Unsupported Exchange Name] Private Data APIs > [Unsupported Exchange Name] Cancel order then return 404",
                        "timedOut": false,
                        "duration": 5,
                        "state": "passed",
                        "speed": "fast",
                        "pass": true,
                        "fail": false,
                        "pending": false,
                        "code": "request(server)\n  .delete('/exchange/nonExistentExchangeName/order/dummy')\n  .query({symbol : 'BTC/ETH'})\n  .expect('Content-Type', /json/)\n  .expect(404)\n  .end((err, res) => {\n    should.not.exist(err);\n    done();\n  })",
                        "err": {},
                        "isRoot": false,
                        "uuid": "4f65461d-513c-44c8-a5cb-7d2c683c1c63",
                        "isHook": false,
                        "skipped": false
                      },
                      {
                        "title": "> [Unsupported Exchange Name] Get order then return 404",
                        "fullTitle": "> controllers > exchange > Given unsupported exchange name > [Unsupported Exchange Name] Private Data APIs > [Unsupported Exchange Name] Get order then return 404",
                        "timedOut": false,
                        "duration": 5,
                        "state": "passed",
                        "speed": "fast",
                        "pass": true,
                        "fail": false,
                        "pending": false,
                        "code": "this.timeout(TIMEOUT_MS)\nrequest(server)\n  .get('/exchange/nonExistentExchangeName/order/dummy')\n  .query({symbol : 'BTC/ETH'})\n  .expect('Content-Type', /json/)\n  .expect(404)\n  .end((err, res) => {\n    should.not.exist(err);\n    done();\n  })",
                        "err": {},
                        "isRoot": false,
                        "uuid": "dc2fee7e-33f6-4dfb-a83c-59b5d8ace5ec",
                        "isHook": false,
                        "skipped": false
                      },
                      {
                        "title": "> [Unsupported Exchange Name] Get orders then return 404",
                        "fullTitle": "> controllers > exchange > Given unsupported exchange name > [Unsupported Exchange Name] Private Data APIs > [Unsupported Exchange Name] Get orders then return 404",
                        "timedOut": false,
                        "duration": 5,
                        "state": "passed",
                        "speed": "fast",
                        "pass": true,
                        "fail": false,
                        "pending": false,
                        "code": "this.timeout(TIMEOUT_MS)\nrequest(server)\n  .get('/exchange/nonExistentExchangeName/orders')\n  .query({symbol : 'BTC/ETH'})\n  .expect('Content-Type', /json/)\n  .expect(404)\n  .end((err, res) => {\n    should.not.exist(err);\n    done();\n  })",
                        "err": {},
                        "isRoot": false,
                        "uuid": "e103f042-fb13-423a-a092-0b9fb4c51280",
                        "isHook": false,
                        "skipped": false
                      },
                      {
                        "title": "> [Unsupported Exchange Name] Get open orders then return 404",
                        "fullTitle": "> controllers > exchange > Given unsupported exchange name > [Unsupported Exchange Name] Private Data APIs > [Unsupported Exchange Name] Get open orders then return 404",
                        "timedOut": false,
                        "duration": 6,
                        "state": "passed",
                        "speed": "fast",
                        "pass": true,
                        "fail": false,
                        "pending": false,
                        "code": "this.timeout(TIMEOUT_MS)\nrequest(server)\n  .get('/exchange/nonExistentExchangeName/orders/open')\n  .query({symbol : 'BTC/ETH'})\n  .expect('Content-Type', /json/)\n  .expect(404)\n  .end((err, res) => {\n    should.not.exist(err);\n    done();\n  })",
                        "err": {},
                        "isRoot": false,
                        "uuid": "eb58a802-d953-44c1-b650-5981a9fa446d",
                        "isHook": false,
                        "skipped": false
                      },
                      {
                        "title": "> [Unsupported Exchange Name] Get closed orders then return 404",
                        "fullTitle": "> controllers > exchange > Given unsupported exchange name > [Unsupported Exchange Name] Private Data APIs > [Unsupported Exchange Name] Get closed orders then return 404",
                        "timedOut": false,
                        "duration": 5,
                        "state": "passed",
                        "speed": "fast",
                        "pass": true,
                        "fail": false,
                        "pending": false,
                        "code": "this.timeout(TIMEOUT_MS)\nrequest(server)\n  .get('/exchange/nonExistentExchangeName/orders/closed')\n  .query({symbol : 'BTC/ETH'})\n  .expect('Content-Type', /json/)\n  .expect(404)\n  .end((err, res) => {\n    should.not.exist(err);\n    done();\n  })",
                        "err": {},
                        "isRoot": false,
                        "uuid": "84487d81-7cc9-4c62-81da-de0992d59ae4",
                        "isHook": false,
                        "skipped": false
                      },
                      {
                        "title": "> [Unsupported Exchange Name] Get my trades then return 404",
                        "fullTitle": "> controllers > exchange > Given unsupported exchange name > [Unsupported Exchange Name] Private Data APIs > [Unsupported Exchange Name] Get my trades then return 404",
                        "timedOut": false,
                        "duration": 5,
                        "state": "passed",
                        "speed": "fast",
                        "pass": true,
                        "fail": false,
                        "pending": false,
                        "code": "this.timeout(TIMEOUT_MS)\nrequest(server)\n  .get('/exchange/nonExistentExchangeName/trades/mine')\n  .query({symbol : 'BTC/ETH'})\n  .expect('Content-Type', /json/)\n  .expect(404)\n  .end((err, res) => {\n    should.not.exist(err);\n    done();\n  })",
                        "err": {},
                        "isRoot": false,
                        "uuid": "aabe235f-4f73-45db-bda0-8ea071beb224",
                        "isHook": false,
                        "skipped": false
                      }
                    ],
                    "suites": [],
                    "passes": [
                      "4d90b4e5-4715-452a-8174-7f04f18d56c3",
                      "acf90b23-e484-4d53-bf02-316775bf7d82",
                      "4f65461d-513c-44c8-a5cb-7d2c683c1c63",
                      "dc2fee7e-33f6-4dfb-a83c-59b5d8ace5ec",
                      "e103f042-fb13-423a-a092-0b9fb4c51280",
                      "eb58a802-d953-44c1-b650-5981a9fa446d",
                      "84487d81-7cc9-4c62-81da-de0992d59ae4",
                      "aabe235f-4f73-45db-bda0-8ea071beb224"
                    ],
                    "failures": [],
                    "pending": [],
                    "skipped": [],
                    "duration": 41,
                    "root": false,
                    "rootEmpty": false,
                    "_timeout": 2000
                  }
                ],
                "passes": [],
                "failures": [],
                "pending": [],
                "skipped": [],
                "duration": 0,
                "root": false,
                "rootEmpty": false,
                "_timeout": 2000
              }
            ],
            "passes": [],
            "failures": [],
            "pending": [],
            "skipped": [],
            "duration": 0,
            "root": false,
            "rootEmpty": false,
            "_timeout": 2000
          }
        ],
        "passes": [],
        "failures": [],
        "pending": [],
        "skipped": [],
        "duration": 0,
        "root": false,
        "rootEmpty": false,
        "_timeout": 2000
      }
    ],
    "passes": [],
    "failures": [],
    "pending": [],
    "skipped": [],
    "duration": 0,
    "root": true,
    "rootEmpty": true,
    "_timeout": 2000
  },
  "copyrightYear": 2020
}